Performing C SOURCE FILE Test CFLAGS_STRINGOP_TRUNCATION failed with the following output:
Change Dir: /home/oliver/git/gromacs/cmake-build-debug/CMakeFiles/CMakeTmp

Run Build Command(s):/usr/bin/make cmTC_c2938/fast && /usr/bin/make -f CMakeFiles/cmTC_c2938.dir/build.make CMakeFiles/cmTC_c2938.dir/build
make[1]: Entering directory '/home/oliver/git/gromacs/cmake-build-debug/CMakeFiles/CMakeTmp'
Building C object CMakeFiles/cmTC_c2938.dir/src.c.o
/usr/bin/cc   -DCFLAGS_STRINGOP_TRUNCATION   -Werror=stringop-truncation -o CMakeFiles/cmTC_c2938.dir/src.c.o   -c /home/oliver/git/gromacs/cmake-build-debug/CMakeFiles/CMakeTmp/src.c
cc1: error: -Werror=stringop-truncation: no option -Wstringop-truncation
CMakeFiles/cmTC_c2938.dir/build.make:65: recipe for target 'CMakeFiles/cmTC_c2938.dir/src.c.o' failed
make[1]: *** [CMakeFiles/cmTC_c2938.dir/src.c.o] Error 1
make[1]: Leaving directory '/home/oliver/git/gromacs/cmake-build-debug/CMakeFiles/CMakeTmp'
Makefile:121: recipe for target 'cmTC_c2938/fast' failed
make: *** [cmTC_c2938/fast] Error 2


Source file was:
int main(void) { return 0; }
Performing C++ SOURCE FILE Test CXXFLAGS_STRINGOP_TRUNCATION failed with the following output:
Change Dir: /home/oliver/git/gromacs/cmake-build-debug/CMakeFiles/CMakeTmp

Run Build Command(s):/usr/bin/make cmTC_0af6a/fast && /usr/bin/make -f CMakeFiles/cmTC_0af6a.dir/build.make CMakeFiles/cmTC_0af6a.dir/build
make[1]: Entering directory '/home/oliver/git/gromacs/cmake-build-debug/CMakeFiles/CMakeTmp'
Building CXX object CMakeFiles/cmTC_0af6a.dir/src.cxx.o
/usr/bin/c++    -DCXXFLAGS_STRINGOP_TRUNCATION   -Wstringop-truncation -std=c++1z -o CMakeFiles/cmTC_0af6a.dir/src.cxx.o -c /home/oliver/git/gromacs/cmake-build-debug/CMakeFiles/CMakeTmp/src.cxx
c++: error: unrecognized command line option '-Wstringop-truncation'; did you mean '-Wline-truncation'?
CMakeFiles/cmTC_0af6a.dir/build.make:65: recipe for target 'CMakeFiles/cmTC_0af6a.dir/src.cxx.o' failed
make[1]: *** [CMakeFiles/cmTC_0af6a.dir/src.cxx.o] Error 1
make[1]: Leaving directory '/home/oliver/git/gromacs/cmake-build-debug/CMakeFiles/CMakeTmp'
Makefile:121: recipe for target 'cmTC_0af6a/fast' failed
make: *** [cmTC_0af6a/fast] Error 2


Source file was:
int main() { return 0; }
Determining if files io.h exist failed with the following output:
Change Dir: /home/oliver/git/gromacs/cmake-build-debug/CMakeFiles/CMakeTmp

Run Build Command(s):/usr/bin/make cmTC_f3c6f/fast && /usr/bin/make -f CMakeFiles/cmTC_f3c6f.dir/build.make CMakeFiles/cmTC_f3c6f.dir/build
make[1]: Entering directory '/home/oliver/git/gromacs/cmake-build-debug/CMakeFiles/CMakeTmp'
Building C object CMakeFiles/cmTC_f3c6f.dir/HAVE_IO_H.c.o
/usr/bin/cc    -o CMakeFiles/cmTC_f3c6f.dir/HAVE_IO_H.c.o   -c /home/oliver/git/gromacs/cmake-build-debug/CMakeFiles/CheckIncludeFiles/HAVE_IO_H.c
/home/oliver/git/gromacs/cmake-build-debug/CMakeFiles/CheckIncludeFiles/HAVE_IO_H.c:2:10: fatal error: io.h: No such file or directory
 #include <io.h>
          ^~~~~~
compilation terminated.
CMakeFiles/cmTC_f3c6f.dir/build.make:65: recipe for target 'CMakeFiles/cmTC_f3c6f.dir/HAVE_IO_H.c.o' failed
make[1]: *** [CMakeFiles/cmTC_f3c6f.dir/HAVE_IO_H.c.o] Error 1
make[1]: Leaving directory '/home/oliver/git/gromacs/cmake-build-debug/CMakeFiles/CMakeTmp'
Makefile:121: recipe for target 'cmTC_f3c6f/fast' failed
make: *** [cmTC_f3c6f/fast] Error 2


Source:
/* */
#include <io.h>


int main(void){return 0;}

Determining if the _fileno exist failed with the following output:
Change Dir: /home/oliver/git/gromacs/cmake-build-debug/CMakeFiles/CMakeTmp

Run Build Command(s):/usr/bin/make cmTC_cc2fc/fast && /usr/bin/make -f CMakeFiles/cmTC_cc2fc.dir/build.make CMakeFiles/cmTC_cc2fc.dir/build
make[1]: Entering directory '/home/oliver/git/gromacs/cmake-build-debug/CMakeFiles/CMakeTmp'
Building CXX object CMakeFiles/cmTC_cc2fc.dir/CheckSymbolExists.cxx.o
/usr/bin/c++    -std=c++1z -o CMakeFiles/cmTC_cc2fc.dir/CheckSymbolExists.cxx.o -c /home/oliver/git/gromacs/cmake-build-debug/CMakeFiles/CMakeTmp/CheckSymbolExists.cxx
/home/oliver/git/gromacs/cmake-build-debug/CMakeFiles/CMakeTmp/CheckSymbolExists.cxx: In function ‘int main(int, char**)’:
/home/oliver/git/gromacs/cmake-build-debug/CMakeFiles/CMakeTmp/CheckSymbolExists.cxx:8:19: error: ‘_fileno’ was not declared in this scope
   return ((int*)(&_fileno))[argc];
                   ^~~~~~~
/home/oliver/git/gromacs/cmake-build-debug/CMakeFiles/CMakeTmp/CheckSymbolExists.cxx:8:19: note: suggested alternative: ‘fileno’
   return ((int*)(&_fileno))[argc];
                   ^~~~~~~
                   fileno
CMakeFiles/cmTC_cc2fc.dir/build.make:65: recipe for target 'CMakeFiles/cmTC_cc2fc.dir/CheckSymbolExists.cxx.o' failed
make[1]: *** [CMakeFiles/cmTC_cc2fc.dir/CheckSymbolExists.cxx.o] Error 1
make[1]: Leaving directory '/home/oliver/git/gromacs/cmake-build-debug/CMakeFiles/CMakeTmp'
Makefile:121: recipe for target 'cmTC_cc2fc/fast' failed
make: *** [cmTC_cc2fc/fast] Error 2


File /home/oliver/git/gromacs/cmake-build-debug/CMakeFiles/CMakeTmp/CheckSymbolExists.cxx:
/* */
#include <stdio.h>

int main(int argc, char** argv)
{
  (void)argv;
#ifndef _fileno
  return ((int*)(&_fileno))[argc];
#else
  (void)argc;
  return 0;
#endif
}
Determining if the _commit exist failed with the following output:
Change Dir: /home/oliver/git/gromacs/cmake-build-debug/CMakeFiles/CMakeTmp

Run Build Command(s):/usr/bin/make cmTC_7ab6e/fast && /usr/bin/make -f CMakeFiles/cmTC_7ab6e.dir/build.make CMakeFiles/cmTC_7ab6e.dir/build
make[1]: Entering directory '/home/oliver/git/gromacs/cmake-build-debug/CMakeFiles/CMakeTmp'
Building CXX object CMakeFiles/cmTC_7ab6e.dir/CheckSymbolExists.cxx.o
/usr/bin/c++    -std=c++1z -o CMakeFiles/cmTC_7ab6e.dir/CheckSymbolExists.cxx.o -c /home/oliver/git/gromacs/cmake-build-debug/CMakeFiles/CMakeTmp/CheckSymbolExists.cxx
/home/oliver/git/gromacs/cmake-build-debug/CMakeFiles/CMakeTmp/CheckSymbolExists.cxx:2:10: fatal error: io.h: No such file or directory
 #include <io.h>
          ^~~~~~
compilation terminated.
CMakeFiles/cmTC_7ab6e.dir/build.make:65: recipe for target 'CMakeFiles/cmTC_7ab6e.dir/CheckSymbolExists.cxx.o' failed
make[1]: *** [CMakeFiles/cmTC_7ab6e.dir/CheckSymbolExists.cxx.o] Error 1
make[1]: Leaving directory '/home/oliver/git/gromacs/cmake-build-debug/CMakeFiles/CMakeTmp'
Makefile:121: recipe for target 'cmTC_7ab6e/fast' failed
make: *** [cmTC_7ab6e/fast] Error 2


File /home/oliver/git/gromacs/cmake-build-debug/CMakeFiles/CMakeTmp/CheckSymbolExists.cxx:
/* */
#include <io.h>

int main(int argc, char** argv)
{
  (void)argv;
#ifndef _commit
  return ((int*)(&_commit))[argc];
#else
  (void)argc;
  return 0;
#endif
}
Determining if the memalign exist failed with the following output:
Change Dir: /home/oliver/git/gromacs/cmake-build-debug/CMakeFiles/CMakeTmp

Run Build Command(s):/usr/bin/make cmTC_fe9e0/fast && /usr/bin/make -f CMakeFiles/cmTC_fe9e0.dir/build.make CMakeFiles/cmTC_fe9e0.dir/build
make[1]: Entering directory '/home/oliver/git/gromacs/cmake-build-debug/CMakeFiles/CMakeTmp'
Building CXX object CMakeFiles/cmTC_fe9e0.dir/CheckSymbolExists.cxx.o
/usr/bin/c++    -std=c++1z -o CMakeFiles/cmTC_fe9e0.dir/CheckSymbolExists.cxx.o -c /home/oliver/git/gromacs/cmake-build-debug/CMakeFiles/CMakeTmp/CheckSymbolExists.cxx
/home/oliver/git/gromacs/cmake-build-debug/CMakeFiles/CMakeTmp/CheckSymbolExists.cxx: In function ‘int main(int, char**)’:
/home/oliver/git/gromacs/cmake-build-debug/CMakeFiles/CMakeTmp/CheckSymbolExists.cxx:8:19: error: ‘memalign’ was not declared in this scope
   return ((int*)(&memalign))[argc];
                   ^~~~~~~~
/home/oliver/git/gromacs/cmake-build-debug/CMakeFiles/CMakeTmp/CheckSymbolExists.cxx:8:19: note: suggested alternative: ‘main’
   return ((int*)(&memalign))[argc];
                   ^~~~~~~~
                   main
CMakeFiles/cmTC_fe9e0.dir/build.make:65: recipe for target 'CMakeFiles/cmTC_fe9e0.dir/CheckSymbolExists.cxx.o' failed
make[1]: *** [CMakeFiles/cmTC_fe9e0.dir/CheckSymbolExists.cxx.o] Error 1
make[1]: Leaving directory '/home/oliver/git/gromacs/cmake-build-debug/CMakeFiles/CMakeTmp'
Makefile:121: recipe for target 'cmTC_fe9e0/fast' failed
make: *** [cmTC_fe9e0/fast] Error 2


File /home/oliver/git/gromacs/cmake-build-debug/CMakeFiles/CMakeTmp/CheckSymbolExists.cxx:
/* */
#include <stdlib.h>

int main(int argc, char** argv)
{
  (void)argv;
#ifndef memalign
  return ((int*)(&memalign))[argc];
#else
  (void)argc;
  return 0;
#endif
}
Performing C SOURCE FILE Test CMAKE_HAVE_LIBC_PTHREAD failed with the following output:
Change Dir: /home/oliver/git/gromacs/cmake-build-debug/CMakeFiles/CMakeTmp

Run Build Command(s):/usr/bin/make cmTC_d4722/fast && /usr/bin/make -f CMakeFiles/cmTC_d4722.dir/build.make CMakeFiles/cmTC_d4722.dir/build
make[1]: Entering directory '/home/oliver/git/gromacs/cmake-build-debug/CMakeFiles/CMakeTmp'
Building C object CMakeFiles/cmTC_d4722.dir/src.c.o
/usr/bin/cc   -DCMAKE_HAVE_LIBC_PTHREAD   -o CMakeFiles/cmTC_d4722.dir/src.c.o   -c /home/oliver/git/gromacs/cmake-build-debug/CMakeFiles/CMakeTmp/src.c
Linking C executable cmTC_d4722
/opt/clion-2020.1.2/bin/cmake/linux/bin/cmake -E cmake_link_script CMakeFiles/cmTC_d4722.dir/link.txt --verbose=1
/usr/bin/cc  -DCMAKE_HAVE_LIBC_PTHREAD    CMakeFiles/cmTC_d4722.dir/src.c.o  -o cmTC_d4722 
CMakeFiles/cmTC_d4722.dir/src.c.o: In function `main':
src.c:(.text+0x3e): undefined reference to `pthread_create'
src.c:(.text+0x4a): undefined reference to `pthread_detach'
src.c:(.text+0x5b): undefined reference to `pthread_join'
src.c:(.text+0x6f): undefined reference to `pthread_atfork'
collect2: error: ld returned 1 exit status
CMakeFiles/cmTC_d4722.dir/build.make:86: recipe for target 'cmTC_d4722' failed
make[1]: *** [cmTC_d4722] Error 1
make[1]: Leaving directory '/home/oliver/git/gromacs/cmake-build-debug/CMakeFiles/CMakeTmp'
Makefile:121: recipe for target 'cmTC_d4722/fast' failed
make: *** [cmTC_d4722/fast] Error 2


Source file was:
#include <pthread.h>

void* test_func(void* data)
{
  return data;
}

int main(void)
{
  pthread_t thread;
  pthread_create(&thread, NULL, test_func, NULL);
  pthread_detach(thread);
  pthread_join(thread, NULL);
  pthread_atfork(NULL, NULL, NULL);
  pthread_exit(NULL);

  return 0;
}

Determining if the function pthread_create exists in the pthreads failed with the following output:
Change Dir: /home/oliver/git/gromacs/cmake-build-debug/CMakeFiles/CMakeTmp

Run Build Command(s):/usr/bin/make cmTC_ab3e4/fast && /usr/bin/make -f CMakeFiles/cmTC_ab3e4.dir/build.make CMakeFiles/cmTC_ab3e4.dir/build
make[1]: Entering directory '/home/oliver/git/gromacs/cmake-build-debug/CMakeFiles/CMakeTmp'
Building C object CMakeFiles/cmTC_ab3e4.dir/CheckFunctionExists.c.o
/usr/bin/cc   -DCHECK_FUNCTION_EXISTS=pthread_create   -o CMakeFiles/cmTC_ab3e4.dir/CheckFunctionExists.c.o   -c /opt/clion-2020.1.2/bin/cmake/linux/share/cmake-3.16/Modules/CheckFunctionExists.c
Linking C executable cmTC_ab3e4
/opt/clion-2020.1.2/bin/cmake/linux/bin/cmake -E cmake_link_script CMakeFiles/cmTC_ab3e4.dir/link.txt --verbose=1
/usr/bin/cc  -DCHECK_FUNCTION_EXISTS=pthread_create    CMakeFiles/cmTC_ab3e4.dir/CheckFunctionExists.c.o  -o cmTC_ab3e4  -lpthreads 
/usr/bin/ld: cannot find -lpthreads
collect2: error: ld returned 1 exit status
CMakeFiles/cmTC_ab3e4.dir/build.make:86: recipe for target 'cmTC_ab3e4' failed
make[1]: *** [cmTC_ab3e4] Error 1
make[1]: Leaving directory '/home/oliver/git/gromacs/cmake-build-debug/CMakeFiles/CMakeTmp'
Makefile:121: recipe for target 'cmTC_ab3e4/fast' failed
make: *** [cmTC_ab3e4/fast] Error 2



Performing C SOURCE FILE Test C_xCORE_AVX512_qopt_zmm_usage_high_FLAG_ACCEPTED failed with the following output:
Change Dir: /home/oliver/git/gromacs/cmake-build-debug/CMakeFiles/CMakeTmp

Run Build Command(s):/usr/bin/make cmTC_5cdd1/fast && /usr/bin/make -f CMakeFiles/cmTC_5cdd1.dir/build.make CMakeFiles/cmTC_5cdd1.dir/build
make[1]: Entering directory '/home/oliver/git/gromacs/cmake-build-debug/CMakeFiles/CMakeTmp'
Building C object CMakeFiles/cmTC_5cdd1.dir/src.c.o
/usr/bin/cc   -DC_xCORE_AVX512_qopt_zmm_usage_high_FLAG_ACCEPTED    -xCORE-AVX512 -qopt-zmm-usage=high -o CMakeFiles/cmTC_5cdd1.dir/src.c.o   -c /home/oliver/git/gromacs/cmake-build-debug/CMakeFiles/CMakeTmp/src.c
cc: error: unrecognized command line option '-qopt-zmm-usage=high'
CMakeFiles/cmTC_5cdd1.dir/build.make:65: recipe for target 'CMakeFiles/cmTC_5cdd1.dir/src.c.o' failed
make[1]: *** [CMakeFiles/cmTC_5cdd1.dir/src.c.o] Error 1
make[1]: Leaving directory '/home/oliver/git/gromacs/cmake-build-debug/CMakeFiles/CMakeTmp'
Makefile:121: recipe for target 'cmTC_5cdd1/fast' failed
make: *** [cmTC_5cdd1/fast] Error 2


Source file was:
int main(void) { return 0; }
Performing C SOURCE FILE Test C_xCORE_AVX512_FLAG_ACCEPTED failed with the following output:
Change Dir: /home/oliver/git/gromacs/cmake-build-debug/CMakeFiles/CMakeTmp

Run Build Command(s):/usr/bin/make cmTC_11bac/fast && /usr/bin/make -f CMakeFiles/cmTC_11bac.dir/build.make CMakeFiles/cmTC_11bac.dir/build
make[1]: Entering directory '/home/oliver/git/gromacs/cmake-build-debug/CMakeFiles/CMakeTmp'
Building C object CMakeFiles/cmTC_11bac.dir/src.c.o
/usr/bin/cc   -DC_xCORE_AVX512_FLAG_ACCEPTED    -xCORE-AVX512 -o CMakeFiles/cmTC_11bac.dir/src.c.o   -c /home/oliver/git/gromacs/cmake-build-debug/CMakeFiles/CMakeTmp/src.c
cc: error: language CORE-AVX512 not recognized
cc: error: language CORE-AVX512 not recognized
CMakeFiles/cmTC_11bac.dir/build.make:65: recipe for target 'CMakeFiles/cmTC_11bac.dir/src.c.o' failed
make[1]: *** [CMakeFiles/cmTC_11bac.dir/src.c.o] Error 1
make[1]: Leaving directory '/home/oliver/git/gromacs/cmake-build-debug/CMakeFiles/CMakeTmp'
Makefile:121: recipe for target 'cmTC_11bac/fast' failed
make: *** [cmTC_11bac/fast] Error 2


Source file was:
int main(void) { return 0; }
Performing C++ SOURCE FILE Test CXX_xCORE_AVX512_qopt_zmm_usage_high_FLAG_ACCEPTED failed with the following output:
Change Dir: /home/oliver/git/gromacs/cmake-build-debug/CMakeFiles/CMakeTmp

Run Build Command(s):/usr/bin/make cmTC_36dab/fast && /usr/bin/make -f CMakeFiles/cmTC_36dab.dir/build.make CMakeFiles/cmTC_36dab.dir/build
make[1]: Entering directory '/home/oliver/git/gromacs/cmake-build-debug/CMakeFiles/CMakeTmp'
Building CXX object CMakeFiles/cmTC_36dab.dir/src.cxx.o
/usr/bin/c++    -DCXX_xCORE_AVX512_qopt_zmm_usage_high_FLAG_ACCEPTED    -xCORE-AVX512 -qopt-zmm-usage=high -std=c++1z -o CMakeFiles/cmTC_36dab.dir/src.cxx.o -c /home/oliver/git/gromacs/cmake-build-debug/CMakeFiles/CMakeTmp/src.cxx
c++: error: unrecognized command line option '-qopt-zmm-usage=high'
CMakeFiles/cmTC_36dab.dir/build.make:65: recipe for target 'CMakeFiles/cmTC_36dab.dir/src.cxx.o' failed
make[1]: *** [CMakeFiles/cmTC_36dab.dir/src.cxx.o] Error 1
make[1]: Leaving directory '/home/oliver/git/gromacs/cmake-build-debug/CMakeFiles/CMakeTmp'
Makefile:121: recipe for target 'cmTC_36dab/fast' failed
make: *** [cmTC_36dab/fast] Error 2


Source file was:
int main() { return 0; }
Performing C++ SOURCE FILE Test CXX_xCORE_AVX512_FLAG_ACCEPTED failed with the following output:
Change Dir: /home/oliver/git/gromacs/cmake-build-debug/CMakeFiles/CMakeTmp

Run Build Command(s):/usr/bin/make cmTC_8f82c/fast && /usr/bin/make -f CMakeFiles/cmTC_8f82c.dir/build.make CMakeFiles/cmTC_8f82c.dir/build
make[1]: Entering directory '/home/oliver/git/gromacs/cmake-build-debug/CMakeFiles/CMakeTmp'
Building CXX object CMakeFiles/cmTC_8f82c.dir/src.cxx.o
/usr/bin/c++    -DCXX_xCORE_AVX512_FLAG_ACCEPTED    -xCORE-AVX512 -std=c++1z -o CMakeFiles/cmTC_8f82c.dir/src.cxx.o -c /home/oliver/git/gromacs/cmake-build-debug/CMakeFiles/CMakeTmp/src.cxx
c++: error: language CORE-AVX512 not recognized
c++: error: language CORE-AVX512 not recognized
CMakeFiles/cmTC_8f82c.dir/build.make:65: recipe for target 'CMakeFiles/cmTC_8f82c.dir/src.cxx.o' failed
make[1]: *** [CMakeFiles/cmTC_8f82c.dir/src.cxx.o] Error 1
make[1]: Leaving directory '/home/oliver/git/gromacs/cmake-build-debug/CMakeFiles/CMakeTmp'
Makefile:121: recipe for target 'cmTC_8f82c/fast' failed
make: *** [cmTC_8f82c/fast] Error 2


Source file was:
int main() { return 0; }
Performing C++ SOURCE FILE Test _callconv___vectorcall failed with the following output:
Change Dir: /home/oliver/git/gromacs/cmake-build-debug/CMakeFiles/CMakeTmp

Run Build Command(s):/usr/bin/make cmTC_1eddb/fast && /usr/bin/make -f CMakeFiles/cmTC_1eddb.dir/build.make CMakeFiles/cmTC_1eddb.dir/build
make[1]: Entering directory '/home/oliver/git/gromacs/cmake-build-debug/CMakeFiles/CMakeTmp'
Building CXX object CMakeFiles/cmTC_1eddb.dir/src.cxx.o
/usr/bin/c++    -D_callconv___vectorcall   -std=c++1z -o CMakeFiles/cmTC_1eddb.dir/src.cxx.o -c /home/oliver/git/gromacs/cmake-build-debug/CMakeFiles/CMakeTmp/src.cxx
/home/oliver/git/gromacs/cmake-build-debug/CMakeFiles/CMakeTmp/src.cxx:3:18: error: expected initializer before ‘f’
 int __vectorcall f(int i) {return i;} int main(void) {return f(0);}
                  ^
/home/oliver/git/gromacs/cmake-build-debug/CMakeFiles/CMakeTmp/src.cxx: In function ‘int main()’:
/home/oliver/git/gromacs/cmake-build-debug/CMakeFiles/CMakeTmp/src.cxx:3:62: error: ‘f’ was not declared in this scope
 int __vectorcall f(int i) {return i;} int main(void) {return f(0);}
                                                              ^
CMakeFiles/cmTC_1eddb.dir/build.make:65: recipe for target 'CMakeFiles/cmTC_1eddb.dir/src.cxx.o' failed
make[1]: *** [CMakeFiles/cmTC_1eddb.dir/src.cxx.o] Error 1
make[1]: Leaving directory '/home/oliver/git/gromacs/cmake-build-debug/CMakeFiles/CMakeTmp'
Makefile:121: recipe for target 'cmTC_1eddb/fast' failed
make: *** [cmTC_1eddb/fast] Error 2


Source file was:

#pragma GCC diagnostic error "-Wignored-attributes"
int __vectorcall f(int i) {return i;} int main(void) {return f(0);}

Performing C++ SOURCE FILE Test _callconv___regcall failed with the following output:
Change Dir: /home/oliver/git/gromacs/cmake-build-debug/CMakeFiles/CMakeTmp

Run Build Command(s):/usr/bin/make cmTC_84d9f/fast && /usr/bin/make -f CMakeFiles/cmTC_84d9f.dir/build.make CMakeFiles/cmTC_84d9f.dir/build
make[1]: Entering directory '/home/oliver/git/gromacs/cmake-build-debug/CMakeFiles/CMakeTmp'
Building CXX object CMakeFiles/cmTC_84d9f.dir/src.cxx.o
/usr/bin/c++    -D_callconv___regcall   -std=c++1z -o CMakeFiles/cmTC_84d9f.dir/src.cxx.o -c /home/oliver/git/gromacs/cmake-build-debug/CMakeFiles/CMakeTmp/src.cxx
/home/oliver/git/gromacs/cmake-build-debug/CMakeFiles/CMakeTmp/src.cxx:3:15: error: expected initializer before ‘f’
 int __regcall f(int i) {return i;} int main(void) {return f(0);}
               ^
/home/oliver/git/gromacs/cmake-build-debug/CMakeFiles/CMakeTmp/src.cxx: In function ‘int main()’:
/home/oliver/git/gromacs/cmake-build-debug/CMakeFiles/CMakeTmp/src.cxx:3:59: error: ‘f’ was not declared in this scope
 int __regcall f(int i) {return i;} int main(void) {return f(0);}
                                                           ^
CMakeFiles/cmTC_84d9f.dir/build.make:65: recipe for target 'CMakeFiles/cmTC_84d9f.dir/src.cxx.o' failed
make[1]: *** [CMakeFiles/cmTC_84d9f.dir/src.cxx.o] Error 1
make[1]: Leaving directory '/home/oliver/git/gromacs/cmake-build-debug/CMakeFiles/CMakeTmp'
Makefile:121: recipe for target 'cmTC_84d9f/fast' failed
make: *** [cmTC_84d9f/fast] Error 2


Source file was:

#pragma GCC diagnostic error "-Wignored-attributes"
int __regcall f(int i) {return i;} int main(void) {return f(0);}

